# JRE version: Java(TM) SE Runtime Environment (16.0.2+7) (build 16.0.2+7-67)
# Java VM: Java HotSpot(TM) 64-Bit Server VM (16.0.2+7-67, mixed mode, sharing, tiered, compressed oops, compressed class ptrs, g1 gc, windows-amd64)
GC Precious Log:
 CPUs: 8 total, 8 available
 Memory: 16259M
 Large Page Support: Disabled
 NUMA Support: Disabled
 Compressed Oops: Enabled (Zero based)
 Heap Region Size: 2M
 Heap Min Capacity: 8M
 Heap Initial Capacity: 256M
 Heap Max Capacity: 4066M
 Pre-touch: Disabled
 Parallel Workers: 8
 Concurrent Workers: 2
 Concurrent Refinement Workers: 8
 Periodic GC: Disabled
Heap:
 garbage-first heap   total 1249280K, used 748619K [0x0000000701e00000, 0x0000000800000000)
  region size 2048K, 1 young (2048K), 1 survivors (2048K)
 Metaspace       used 1463K, committed 1600K, reserved 1056768K
  class space    used 105K, committed 192K, reserved 1048576K
GC Heap History (13 events):
Event: 0.096 GC heap before
{Heap before GC invocations=0 (full 0):
 garbage-first heap   total 262144K, used 0K [0x0000000701e00000, 0x0000000800000000)
  region size 2048K, 1 young (2048K), 0 survivors (0K)
 Metaspace       used 417K, committed 576K, reserved 1056768K
  class space    used 19K, committed 128K, reserved 1048576K
}
Event: 0.098 GC heap after
{Heap after GC invocations=1 (full 0):
 garbage-first heap   total 262144K, used 653K [0x0000000701e00000, 0x0000000800000000)
  region size 2048K, 1 young (2048K), 1 survivors (2048K)
 Metaspace       used 417K, committed 576K, reserved 1056768K
  class space    used 19K, committed 128K, reserved 1048576K
}
Event: 0.489 GC heap before
{Heap before GC invocations=1 (full 0):
 garbage-first heap   total 851968K, used 592525K [0x0000000701e00000, 0x0000000800000000)
  region size 2048K, 2 young (4096K), 1 survivors (2048K)
 Metaspace       used 417K, committed 576K, reserved 1056768K
  class space    used 19K, committed 128K, reserved 1048576K
}
Event: 0.490 GC heap after
{Heap after GC invocations=2 (full 0):
 garbage-first heap   total 851968K, used 592559K [0x0000000701e00000, 0x0000000800000000)
  region size 2048K, 1 young (2048K), 1 survivors (2048K)
 Metaspace       used 417K, committed 576K, reserved 1056768K
  class space    used 19K, committed 128K, reserved 1048576K
}
Event: 0.768 GC heap before
{Heap before GC invocations=3 (full 0):
 garbage-first heap   total 1239040K, used 799407K [0x0000000701e00000, 0x0000000800000000)
  region size 2048K, 29 young (59392K), 1 survivors (2048K)
 Metaspace       used 585K, committed 768K, reserved 1056768K
  class space    used 22K, committed 128K, reserved 1048576K
}
Event: 0.769 GC heap after
{Heap after GC invocations=4 (full 0):
 garbage-first heap   total 1239040K, used 742208K [0x0000000701e00000, 0x0000000800000000)
  region size 2048K, 1 young (2048K), 1 survivors (2048K)
 Metaspace       used 585K, committed 768K, reserved 1056768K
  class space    used 22K, committed 128K, reserved 1048576K
}
Event: 1.157 GC heap before
{Heap before GC invocations=4 (full 0):
 garbage-first heap   total 1239040K, used 971584K [0x0000000701e00000, 0x0000000800000000)
  region size 2048K, 114 young (233472K), 1 survivors (2048K)
 Metaspace       used 620K, committed 768K, reserved 1056768K
  class space    used 25K, committed 128K, reserved 1048576K
}
Event: 1.158 GC heap after
{Heap after GC invocations=5 (full 0):
 garbage-first heap   total 1239040K, used 742173K [0x0000000701e00000, 0x0000000800000000)
  region size 2048K, 1 young (2048K), 1 survivors (2048K)
 Metaspace       used 620K, committed 768K, reserved 1056768K
  class space    used 25K, committed 128K, reserved 1048576K
}
Event: 1.193 GC heap before
{Heap before GC invocations=6 (full 0):
 garbage-first heap   total 1247232K, used 744221K [0x0000000701e00000, 0x0000000800000000)
  region size 2048K, 2 young (4096K), 1 survivors (2048K)
 Metaspace       used 650K, committed 768K, reserved 1056768K
  class space    used 26K, committed 128K, reserved 1048576K
}
Event: 1.194 GC heap after
{Heap after GC invocations=7 (full 0):
 garbage-first heap   total 1247232K, used 744213K [0x0000000701e00000, 0x0000000800000000)
  region size 2048K, 1 young (2048K), 1 survivors (2048K)
 Metaspace       used 650K, committed 768K, reserved 1056768K
  class space    used 26K, committed 128K, reserved 1048576K
}
Event: 1.213 GC heap before
{Heap before GC invocations=8 (full 0):
 garbage-first heap   total 1247232K, used 746261K [0x0000000701e00000, 0x0000000800000000)
  region size 2048K, 2 young (4096K), 1 survivors (2048K)
 Metaspace       used 664K, committed 832K, reserved 1056768K
  class space    used 27K, committed 128K, reserved 1048576K
}
Event: 1.215 GC heap after
{Heap after GC invocations=9 (full 0):
 garbage-first heap   total 1247232K, used 744208K [0x0000000701e00000, 0x0000000800000000)
  region size 2048K, 1 young (2048K), 1 survivors (2048K)
 Metaspace       used 664K, committed 832K, reserved 1056768K
  class space    used 27K, committed 128K, reserved 1048576K
}
Event: 1.481 GC heap before
{Heap before GC invocations=10 (full 0):
 garbage-first heap   total 1249280K, used 752400K [0x0000000701e00000, 0x0000000800000000)
  region size 2048K, 4 young (8192K), 1 survivors (2048K)
 Metaspace       used 1463K, committed 1600K, reserved 1056768K
  class space    used 105K, committed 192K, reserved 1048576K
}

